2023-05-08 12:01:21,598 [Worker-7: Updating Maven Dependencies] INFO  o.e.m.c.i.l.LifecycleMappingFactory - Using org.maven.ide.eclipse.wtp.WarLifecycleMapping lifecycle mapping for MavenProject: softtek:BootMvcProj01:0.0.1-SNAPSHOT @ C:\Users\sushant.gowda\Desktop\naveen mvc\BootMvcProj01\pom.xml.
2023-05-08 12:01:25,904 [Worker-4: Updating Maven Project] INFO  o.e.m.c.i.p.ProjectConfigurationManager - Update started
2023-05-08 12:01:26,768 [Worker-4: Updating Maven Project] INFO  o.e.m.c.i.l.LifecycleMappingFactory - Using org.maven.ide.eclipse.wtp.WarLifecycleMapping lifecycle mapping for MavenProject: softtek:BootMvcProj01:0.0.1-SNAPSHOT @ C:\Users\sushant.gowda\Desktop\naveen mvc\BootMvcProj01\pom.xml.
2023-05-08 12:01:30,447 [Worker-4: Updating Maven Project] INFO  o.e.m.j.i.AbstractJavaProjectConfigurator - Adding source folder /BootMvcProj01/src/main/java
2023-05-08 12:01:30,450 [Worker-4: Updating Maven Project] INFO  o.e.m.j.i.AbstractJavaProjectConfigurator - Adding resource folder /BootMvcProj01/src/main/resources
2023-05-08 12:01:30,452 [Worker-4: Updating Maven Project] INFO  o.e.m.j.i.AbstractJavaProjectConfigurator - Adding resource folder /BootMvcProj01/src/main/resources
2023-05-08 12:01:30,454 [Worker-4: Updating Maven Project] INFO  o.e.m.j.i.AbstractJavaProjectConfigurator - Adding source folder /BootMvcProj01/src/test/java
2023-05-08 12:01:30,455 [Worker-4: Updating Maven Project] ERROR o.e.m.j.i.AbstractJavaProjectConfigurator - Failed to find a compatible VM for environment id 'JavaSE-17', falling back to workspace default
2023-05-08 12:01:37,625 [Worker-4: Updating Maven Project] INFO  o.e.m.w.i.f.ResourceFilteringBuildParticipant - Cleaning filtered folder for BootMvcProj01
2023-05-08 12:01:37,694 [Worker-4: Updating Maven Project] INFO  o.e.m.c.i.p.ProjectConfigurationManager - Update completed for 1 poms: local refresh takes 0.00 sec, refresh facades takes 1.00 sec, update config takes 8.00 sec 
2023-05-08 12:01:37,845 [Worker-19: Updating Maven Project] INFO  o.e.m.c.i.p.ProjectConfigurationManager - Update started
2023-05-08 12:01:38,304 [Worker-19: Updating Maven Project] INFO  o.e.m.c.i.l.LifecycleMappingFactory - Using org.maven.ide.eclipse.wtp.WarLifecycleMapping lifecycle mapping for MavenProject: softtek:BootMvcProj01:0.0.1-SNAPSHOT @ C:\Users\sushant.gowda\Desktop\naveen mvc\BootMvcProj01\pom.xml.
2023-05-08 12:01:38,841 [Worker-19: Updating Maven Project] INFO  o.e.m.j.i.AbstractJavaProjectConfigurator - Adding source folder /BootMvcProj01/src/main/java
2023-05-08 12:01:38,841 [Worker-19: Updating Maven Project] INFO  o.e.m.j.i.AbstractJavaProjectConfigurator - Adding resource folder /BootMvcProj01/src/main/resources
2023-05-08 12:01:38,842 [Worker-19: Updating Maven Project] INFO  o.e.m.j.i.AbstractJavaProjectConfigurator - Adding resource folder /BootMvcProj01/src/main/resources
2023-05-08 12:01:38,843 [Worker-19: Updating Maven Project] INFO  o.e.m.j.i.AbstractJavaProjectConfigurator - Adding source folder /BootMvcProj01/src/test/java
2023-05-08 12:01:38,843 [Worker-19: Updating Maven Project] ERROR o.e.m.j.i.AbstractJavaProjectConfigurator - Failed to find a compatible VM for environment id 'JavaSE-17', falling back to workspace default
2023-05-08 12:01:39,846 [Worker-19: Updating Maven Project] INFO  o.e.m.w.i.f.ResourceFilteringBuildParticipant - Cleaning filtered folder for BootMvcProj01
2023-05-08 12:01:39,885 [Worker-19: Updating Maven Project] INFO  o.e.m.c.i.p.ProjectConfigurationManager - Update completed for 1 poms: local refresh takes 0.00 sec, refresh facades takes 0.00 sec, update config takes 1.00 sec 
2023-05-08 12:01:39,895 [Worker-2: Updating Maven Project] INFO  o.e.m.c.i.p.ProjectConfigurationManager - Update started
2023-05-08 12:01:40,185 [Worker-2: Updating Maven Project] INFO  o.e.m.c.i.l.LifecycleMappingFactory - Using org.maven.ide.eclipse.wtp.WarLifecycleMapping lifecycle mapping for MavenProject: softtek:BootMvcProj01:0.0.1-SNAPSHOT @ C:\Users\sushant.gowda\Desktop\naveen mvc\BootMvcProj01\pom.xml.
2023-05-08 12:01:40,740 [Worker-2: Updating Maven Project] INFO  o.e.m.j.i.AbstractJavaProjectConfigurator - Adding source folder /BootMvcProj01/src/main/java
2023-05-08 12:01:40,741 [Worker-2: Updating Maven Project] INFO  o.e.m.j.i.AbstractJavaProjectConfigurator - Adding resource folder /BootMvcProj01/src/main/resources
2023-05-08 12:01:40,742 [Worker-2: Updating Maven Project] INFO  o.e.m.j.i.AbstractJavaProjectConfigurator - Adding resource folder /BootMvcProj01/src/main/resources
2023-05-08 12:01:40,742 [Worker-2: Updating Maven Project] INFO  o.e.m.j.i.AbstractJavaProjectConfigurator - Adding source folder /BootMvcProj01/src/test/java
2023-05-08 12:01:40,742 [Worker-2: Updating Maven Project] ERROR o.e.m.j.i.AbstractJavaProjectConfigurator - Failed to find a compatible VM for environment id 'JavaSE-17', falling back to workspace default
2023-05-08 12:01:41,965 [Worker-2: Updating Maven Project] INFO  o.e.m.w.i.f.ResourceFilteringBuildParticipant - Cleaning filtered folder for BootMvcProj01
2023-05-08 12:01:42,030 [Worker-2: Updating Maven Project] INFO  o.e.m.c.i.p.ProjectConfigurationManager - Update completed for 1 poms: local refresh takes 0.00 sec, refresh facades takes 0.00 sec, update config takes 1.00 sec 
2023-05-08 12:01:42,041 [Worker-9: Updating Maven Project] INFO  o.e.m.c.i.p.ProjectConfigurationManager - Update started
2023-05-08 12:01:42,352 [Worker-9: Updating Maven Project] INFO  o.e.m.c.i.l.LifecycleMappingFactory - Using org.maven.ide.eclipse.wtp.WarLifecycleMapping lifecycle mapping for MavenProject: softtek:BootMvcProj01:0.0.1-SNAPSHOT @ C:\Users\sushant.gowda\Desktop\naveen mvc\BootMvcProj01\pom.xml.
2023-05-08 12:01:42,770 [Worker-9: Updating Maven Project] INFO  o.e.m.j.i.AbstractJavaProjectConfigurator - Adding source folder /BootMvcProj01/src/main/java
2023-05-08 12:01:42,770 [Worker-9: Updating Maven Project] INFO  o.e.m.j.i.AbstractJavaProjectConfigurator - Adding resource folder /BootMvcProj01/src/main/resources
2023-05-08 12:01:42,771 [Worker-9: Updating Maven Project] INFO  o.e.m.j.i.AbstractJavaProjectConfigurator - Adding resource folder /BootMvcProj01/src/main/resources
2023-05-08 12:01:42,771 [Worker-9: Updating Maven Project] INFO  o.e.m.j.i.AbstractJavaProjectConfigurator - Adding source folder /BootMvcProj01/src/test/java
2023-05-08 12:01:42,772 [Worker-9: Updating Maven Project] ERROR o.e.m.j.i.AbstractJavaProjectConfigurator - Failed to find a compatible VM for environment id 'JavaSE-17', falling back to workspace default
2023-05-08 12:01:43,461 [Worker-9: Updating Maven Project] INFO  o.e.m.w.i.f.ResourceFilteringBuildParticipant - Cleaning filtered folder for BootMvcProj01
2023-05-08 12:01:43,510 [Worker-9: Updating Maven Project] INFO  o.e.m.c.i.p.ProjectConfigurationManager - Update completed for 1 poms: local refresh takes 0.00 sec, refresh facades takes 0.00 sec, update config takes 0.00 sec 
2023-05-08 12:01:43,523 [Worker-23: Updating Maven Project] INFO  o.e.m.c.i.p.ProjectConfigurationManager - Update started
2023-05-08 12:01:43,809 [Worker-23: Updating Maven Project] INFO  o.e.m.c.i.l.LifecycleMappingFactory - Using org.maven.ide.eclipse.wtp.WarLifecycleMapping lifecycle mapping for MavenProject: softtek:BootMvcProj01:0.0.1-SNAPSHOT @ C:\Users\sushant.gowda\Desktop\naveen mvc\BootMvcProj01\pom.xml.
2023-05-08 12:01:44,206 [Worker-23: Updating Maven Project] INFO  o.e.m.j.i.AbstractJavaProjectConfigurator - Adding source folder /BootMvcProj01/src/main/java
2023-05-08 12:01:44,206 [Worker-23: Updating Maven Project] INFO  o.e.m.j.i.AbstractJavaProjectConfigurator - Adding resource folder /BootMvcProj01/src/main/resources
2023-05-08 12:01:44,207 [Worker-23: Updating Maven Project] INFO  o.e.m.j.i.AbstractJavaProjectConfigurator - Adding resource folder /BootMvcProj01/src/main/resources
2023-05-08 12:01:44,207 [Worker-23: Updating Maven Project] INFO  o.e.m.j.i.AbstractJavaProjectConfigurator - Adding source folder /BootMvcProj01/src/test/java
2023-05-08 12:01:44,207 [Worker-23: Updating Maven Project] ERROR o.e.m.j.i.AbstractJavaProjectConfigurator - Failed to find a compatible VM for environment id 'JavaSE-17', falling back to workspace default
2023-05-08 12:01:44,826 [Worker-23: Updating Maven Project] INFO  o.e.m.w.i.f.ResourceFilteringBuildParticipant - Cleaning filtered folder for BootMvcProj01
2023-05-08 12:01:44,867 [Worker-23: Updating Maven Project] INFO  o.e.m.c.i.p.ProjectConfigurationManager - Update completed for 1 poms: local refresh takes 0.00 sec, refresh facades takes 0.00 sec, update config takes 0.00 sec 
2023-05-08 12:01:45,523 [Worker-8: Building] INFO  o.a.m.s.f.DefaultMavenResourcesFiltering - Copying 1 resource
2023-05-08 12:01:45,555 [Worker-8: Building] INFO  o.a.m.s.f.DefaultMavenResourcesFiltering - Copying 0 resource
2023-05-08 12:01:45,563 [Worker-8: Building] INFO  o.a.m.s.f.DefaultMavenResourcesFiltering - skip non existing resourceDirectory C:\Users\sushant.gowda\Desktop\naveen mvc\BootMvcProj01\src\test\resources
2023-05-08 12:01:45,565 [Worker-8: Building] INFO  o.e.m.w.i.f.ResourceFilteringBuildParticipant - Changed resources require a complete clean of filtered resources of BootMvcProj01
2023-05-08 12:01:45,566 [Worker-8: Building] INFO  o.e.m.w.i.f.ResourceFilteringBuildParticipant - Executing resource filtering for BootMvcProj01
2023-05-08 12:02:03,845 [Worker-8: Loading available Gradle versions] INFO  o.e.b.c.i.u.g.PublishedGradleVersions - Gradle version information cache is up-to-date. Trying to read.
